<?xml version="1.0" encoding="UTF-8"?>
<!-- Generated by org.testng.reporters.JUnitReportReporter -->
<testsuite hostname="this-Mac-mini.local" failures="0" tests="1" name="ui.VerifyTtitle" time="4.559" errors="0" timestamp="2023-05-12T10:59:03 ICT" skipped="0">
  <testcase classname="ui.VerifyTtitle" name="name" time="4.559"/>
  <system-out/>
</testsuite> <!-- ui.VerifyTtitle -->
