<?xml version="1.0" encoding="UTF-8"?>
<!-- Generated by org.testng.reporters.JUnitReportReporter -->
<testsuite hostname="this-Mac-mini.local" failures="0" tests="4" name="ui.DataProviderTest2" time="32.429" errors="0" timestamp="2023-05-12T17:21:09 ICT" skipped="0">
  <testcase classname="ui.DataProviderTest2" name="test" time="6.437"/>
  <system-out/>
  <testcase classname="ui.DataProviderTest2" name="test" time="7.928"/>
  <system-out/>
  <testcase classname="ui.DataProviderTest2" name="test" time="11.552"/>
  <system-out/>
  <testcase classname="ui.DataProviderTest2" name="test" time="6.512"/>
  <system-out/>
</testsuite> <!-- ui.DataProviderTest2 -->
