<?xml version="1.0" encoding="UTF-8"?>
<!-- Generated by org.testng.reporters.JUnitReportReporter -->
<testsuite hostname="this-Mac-mini.local" failures="0" tests="2" name="ui.GroupDemoTest" time="0.004" errors="0" timestamp="2023-05-12T15:30:44 ICT" skipped="0">
  <testcase classname="ui.GroupDemoTest" name="connectToDb" time="0.003"/>
  <system-out/>
  <testcase classname="ui.GroupDemoTest" name="login" time="0.001"/>
  <system-out/>
</testsuite> <!-- ui.GroupDemoTest -->
