<?xml version="1.0" encoding="UTF-8"?>
<!-- Generated by org.testng.reporters.JUnitReportReporter -->
<testsuite hostname="this-Mac-mini.local" failures="0" tests="1" name="ui.LoginTest" time="0.001" errors="0" timestamp="2023-05-12T15:30:44 ICT" skipped="1">
  <testcase classname="ui.LoginTest" name="test2" time="0.001">
    <skipped/>
  </testcase> <!-- test2 -->
  <system-out/>
</testsuite> <!-- ui.LoginTest -->
