<?xml version="1.0" encoding="UTF-8"?>
<!-- Generated by org.testng.reporters.JUnitReportReporter -->
<testsuite hostname="this-Mac-mini.local" failures="0" tests="2" name="ui.GroupDemoTest2" time="0.003" errors="0" timestamp="2023-05-12T16:08:06 ICT" skipped="0">
  <testcase classname="ui.GroupDemoTest2" name="test1" time="0.002"/>
  <system-out/>
  <testcase classname="ui.GroupDemoTest2" name="test2" time="0.001"/>
  <system-out/>
</testsuite> <!-- ui.GroupDemoTest2 -->
